SF:lib/models/message.dart
DA:20,1
DA:30,0
DA:32,0
DA:36,0
DA:38,1
DA:39,1
DA:40,1
DA:41,1
DA:42,1
DA:43,1
DA:44,1
DA:45,2
DA:46,4
DA:47,4
DA:51,1
DA:52,1
DA:53,1
DA:54,1
DA:55,1
DA:56,1
DA:57,1
DA:58,2
DA:59,2
DA:61,2
DA:64,0
DA:66,0
DA:69,0
DA:79,0
DA:80,0
DA:81,0
DA:82,0
DA:83,0
DA:84,0
DA:85,0
DA:86,0
DA:87,0
DA:91,1
DA:92,7
LF:38
LH:23
end_of_record
SF:lib/utils/extensions/string_to_enum.dart
DA:2,1
DA:3,6
LF:2
LH:2
end_of_record
SF:lib/data/auth_repository.dart
DA:16,1
DA:18,0
DA:20,0
DA:22,0
DA:23,0
DA:24,0
DA:27,0
DA:33,1
DA:35,1
DA:37,1
DA:39,2
DA:40,0
DA:41,0
DA:42,0
DA:43,0
DA:44,0
DA:45,0
DA:46,0
DA:47,0
DA:53,0
DA:54,0
DA:57,0
DA:59,0
DA:66,0
DA:67,0
DA:70,0
DA:76,0
DA:77,0
LF:28
LH:5
end_of_record
SF:lib/models/account.dart
DA:4,0
DA:8,0
DA:11,0
DA:12,0
DA:13,0
DA:15,0
DA:16,0
DA:18,0
DA:20,0
DA:23,0
DA:26,0
DA:27,0
DA:31,0
DA:32,0
DA:33,0
DA:37,0
DA:38,0
DA:39,0
LF:18
LH:0
end_of_record
SF:lib/utils/exceptions.dart
DA:2,0
DA:9,0
LF:2
LH:0
end_of_record
